<?xml version="1.0" encoding="UTF-8"?>
<testsuite name="GameTest" tests="1" skipped="0" failures="0" errors="0" timestamp="2019-12-09T14:52:26" hostname="DESKTOP-6B368G4" time="0.004">
  <properties/>
  <testcase name="beginPositionCheck" classname="GameTest" time="0.004"/>
  <system-out><![CDATA[]]></system-out>
  <system-err><![CDATA[]]></system-err>
</testsuite>
