<?xml version="1.0" encoding="UTF-8"?>
<testsuite name="MessageCreationTest" tests="5" skipped="0" failures="0" errors="0" timestamp="2019-12-09T14:42:55" hostname="DESKTOP-6B368G4" time="0.004">
  <properties/>
  <testcase name="checkStartPositionMessageFalseTest" classname="MessageCreationTest" time="0.003"/>
  <testcase name="checkStartPositionMessageTrueTest" classname="MessageCreationTest" time="0.0"/>
  <testcase name="disconnectMessageTest" classname="MessageCreationTest" time="0.001"/>
  <testcase name="foundGameMessageTrueTest" classname="MessageCreationTest" time="0.0"/>
  <testcase name="foundGameMessageFalseTest" classname="MessageCreationTest" time="0.0"/>
  <system-out><![CDATA[]]></system-out>
  <system-err><![CDATA[]]></system-err>
</testsuite>
